<?xml version="1.0" encoding="UTF-8"?>
<!-- Generated by org.testng.reporters.JUnitReportReporter -->
<testsuite hostname="LAPTOP-P56KK1IG" failures="0" tests="1" name="extent_Report.SampleReport" time="0.490" errors="0" timestamp="2024-05-30T10:57:52 IST" skipped="0">
  <testcase classname="extent_Report.SampleReport" name="launchReport" time="0.490"/>
  <system-out/>
</testsuite> <!-- extent_Report.SampleReport -->
