<?xml version="1.0" encoding="UTF-8"?>
<!-- Generated by org.testng.reporters.JUnitReportReporter -->
<testsuite hostname="LAPTOP-P56KK1IG" failures="0" tests="1" name="PageObjectModel.Logindws" time="13.044" errors="0" timestamp="2024-05-27T12:14:16 IST" skipped="0">
  <testcase classname="PageObjectModel.Logindws" name="login" time="13.044"/>
  <system-out/>
</testsuite> <!-- PageObjectModel.Logindws -->
