<?xml version="1.0" encoding="UTF-8"?>
<!-- Generated by org.testng.reporters.JUnitReportReporter -->
<testsuite hostname="LAPTOP-P56KK1IG" failures="0" tests="3" name="HelperMethod.DependsOnMethod" time="33.849" errors="0" timestamp="2024-05-16T12:50:54 IST" skipped="0">
  <testcase classname="HelperMethod.DependsOnMethod" name="modifyAccout" time="14.167"/>
  <testcase classname="HelperMethod.DependsOnMethod" name="DeleteAccout" time="5.441"/>
  <testcase classname="HelperMethod.DependsOnMethod" name="createAccout" time="14.241"/>
</testsuite> <!-- HelperMethod.DependsOnMethod -->
