<?xml version="1.0" encoding="UTF-8"?>
<!-- Generated by org.testng.reporters.JUnitReportReporter -->
<testsuite hostname="LAPTOP-P56KK1IG" failures="0" tests="1" name="extent_Report.SampleReport2" time="0.472" errors="0" timestamp="2024-05-30T09:53:15 IST" skipped="0">
  <testcase classname="extent_Report.SampleReport2" name="launchReport" time="0.472"/>
  <system-out/>
</testsuite> <!-- extent_Report.SampleReport2 -->
