<?xml version="1.0" encoding="UTF-8"?>
<!-- Generated by org.testng.reporters.JUnitReportReporter -->
<testsuite hostname="LAPTOP-P56KK1IG" failures="0" tests="1" name="Basic.ChronologicalOrder" time="0.014" errors="0" timestamp="2024-05-10T16:31:30 IST" skipped="0">
  <testcase classname="Basic.ChronologicalOrder" name="testCase1" time="0.014"/>
</testsuite> <!-- Basic.ChronologicalOrder -->
