<?xml version="1.0" encoding="UTF-8"?>
<!-- Generated by org.testng.reporters.JUnitReportReporter -->
<testsuite hostname="LAPTOP-P56KK1IG" failures="0" tests="1" name="TestNGTravel.MakeMytrip" time="4.729" errors="0" timestamp="2024-05-18T11:02:31 IST" skipped="0">
  <testcase classname="TestNGTravel.MakeMytrip" name="MakemyShop" time="4.729"/>
</testsuite> <!-- TestNGTravel.MakeMytrip -->
