<?xml version="1.0" encoding="UTF-8"?>
<!-- Generated by org.testng.reporters.JUnitReportReporter -->
<testsuite hostname="LAPTOP-P56KK1IG" failures="0" tests="2" name="ParametersAnnotation.Demo" time="13.666" errors="0" timestamp="2024-05-20T11:33:56 IST" skipped="0">
  <testcase classname="ParametersAnnotation.Demo" name="AjioShopping" time="5.455"/>
  <testcase classname="ParametersAnnotation.Demo" name="AjioShopping" time="8.211"/>
</testsuite> <!-- ParametersAnnotation.Demo -->
