<?xml version="1.0" encoding="UTF-8"?>
<!-- Generated by org.testng.reporters.JUnitReportReporter -->
<testsuite hostname="LAPTOP-P56KK1IG" failures="0" tests="2" name="Practics.Shop" time="58.434" errors="0" timestamp="2024-05-20T11:33:56 IST" skipped="0">
  <testcase classname="Practics.Shop" name="AjioShopping" time="25.048"/>
  <testcase classname="Practics.Shop" name="AjioShopping" time="33.386"/>
</testsuite> <!-- Practics.Shop -->
