<?xml version="1.0" encoding="UTF-8"?>
<!-- Generated by org.testng.reporters.JUnitReportReporter -->
<testsuite hostname="LAPTOP-P56KK1IG" failures="0" tests="1" name="ParameterCrossBrowser.CrossBrowser" time="84.420" errors="0" timestamp="2024-05-20T12:17:18 IST" skipped="0">
  <testcase classname="ParameterCrossBrowser.CrossBrowser" name="Crossbrowser" time="84.420"/>
</testsuite> <!-- ParameterCrossBrowser.CrossBrowser -->
