<?xml version="1.0" encoding="UTF-8"?>
<!-- Generated by org.testng.reporters.JUnitReportReporter -->
<testsuite hostname="LAPTOP-P56KK1IG" failures="0" tests="1" name="Test1.TestCaseOneAddToCart" time="13.057" errors="0" timestamp="2024-05-27T11:48:13 IST" skipped="0">
  <testcase classname="Test1.TestCaseOneAddToCart" name="addToCart" time="13.057"/>
  <system-out/>
</testsuite> <!-- Test1.TestCaseOneAddToCart -->
