<?xml version="1.0" encoding="UTF-8"?>
<!-- Generated by org.testng.reporters.JUnitReportReporter -->
<testsuite hostname="LAPTOP-P56KK1IG" failures="0" tests="1" name="Assertion.AssertEqual" time="11.389" errors="0" timestamp="2024-05-21T11:19:41 IST" skipped="0">
  <testcase classname="Assertion.AssertEqual" name="hardAssert" time="11.389"/>
</testsuite> <!-- Assertion.AssertEqual -->
