<?xml version="1.0" encoding="UTF-8"?>
<!-- Generated by org.testng.reporters.JUnitReportReporter -->
<testsuite hostname="LAPTOP-P56KK1IG" failures="0" tests="1" name="DataProviderTestNG.ShopperstackAssignment" time="14.878" errors="0" timestamp="2024-05-20T10:27:24 IST" skipped="0">
  <testcase classname="DataProviderTestNG.ShopperstackAssignment" name="recevier" time="14.878"/>
</testsuite> <!-- DataProviderTestNG.ShopperstackAssignment -->
