<?xml version="1.0" encoding="UTF-8"?>
<!-- Generated by org.testng.reporters.JUnitReportReporter -->
<testsuite hostname="LAPTOP-P56KK1IG" failures="0" tests="1" name="DataDrivenTestings.ReadDatafromExcelFile" time="0.703" errors="0" timestamp="2024-05-23T09:00:37 IST" skipped="0">
  <testcase classname="DataDrivenTestings.ReadDatafromExcelFile" name="readData" time="0.703"/>
</testsuite> <!-- DataDrivenTestings.ReadDatafromExcelFile -->
