<?xml version="1.0" encoding="UTF-8"?>
<!-- Generated by org.testng.reporters.JUnitReportReporter -->
<testsuite hostname="LAPTOP-P56KK1IG" failures="0" tests="2" name="Practics.Web" time="35.575" errors="0" timestamp="2024-05-20T11:33:56 IST" skipped="0">
  <testcase classname="Practics.Web" name="AjioShopping" time="26.835"/>
  <testcase classname="Practics.Web" name="AjioShopping" time="8.740"/>
</testsuite> <!-- Practics.Web -->
