<?xml version="1.0" encoding="UTF-8"?>
<!-- Generated by org.testng.reporters.JUnitReportReporter -->
<testsuite hostname="LAPTOP-P56KK1IG" failures="0" tests="2" name="ParametersAnnotation.Ajio" time="21.871" errors="0" timestamp="2024-05-20T11:33:56 IST" skipped="0">
  <testcase classname="ParametersAnnotation.Ajio" name="AjioShopping" time="14.173"/>
  <testcase classname="ParametersAnnotation.Ajio" name="AjioShopping" time="7.698"/>
</testsuite> <!-- ParametersAnnotation.Ajio -->
